Analysis & Synthesis report for sensor
Sun Jun 25 11:29:58 2023
Quartus Prime Version 20.1.0 Build 711 06/05/2020 SJ Lite Edition


---------------------
; Table of Contents ;
---------------------
  1. Legal Notice
  2. Analysis & Synthesis Summary
  3. Analysis & Synthesis Settings
  4. Parallel Compilation
  5. Analysis & Synthesis Source Files Read
  6. Analysis & Synthesis Resource Usage Summary
  7. Analysis & Synthesis Resource Utilization by Entity
  8. User-Specified and Inferred Latches
  9. Registers Removed During Synthesis
 10. General Register Statistics
 11. Inverted Register Statistics
 12. Multiplexer Restructuring Statistics (Restructuring Performed)
 13. Parameter Settings for User Entity Instance: sensor_quieto:HCRS04_sens|HCRS04:Sens|TriggerGen:Inst_TriggerGen
 14. Parameter Settings for User Entity Instance: sensor_quieto:HCRS04_sens|HCRS04:Sens|counter:Inst_counter
 15. Port Connectivity Checks: "sensor_quieto:HCRS04_sens|div_frec:CLOCK_1kHz"
 16. Port Connectivity Checks: "ff_jk:JK0"
 17. Port Connectivity Checks: "div_frec:clk_10kHz"
 18. Port Connectivity Checks: "div_frec:clk_500Hz"
 19. Port Connectivity Checks: "div_frec:clk_1Hz"
 20. Post-Synthesis Netlist Statistics for Top Partition
 21. Elapsed Time Per Partition
 22. Analysis & Synthesis Messages



----------------
; Legal Notice ;
----------------
Copyright (C) 2020  Intel Corporation. All rights reserved.
Your use of Intel Corporation's design tools, logic functions 
and other software and tools, and any partner logic 
functions, and any output files from any of the foregoing 
(including device programming or simulation files), and any 
associated documentation or information are expressly subject 
to the terms and conditions of the Intel Program License 
Subscription Agreement, the Intel Quartus Prime License Agreement,
the Intel FPGA IP License Agreement, or other applicable license
agreement, including, without limitation, that your use is for
the sole purpose of programming logic devices manufactured by
Intel and sold by Intel or its authorized distributors.  Please
refer to the applicable agreement for further details, at
https://fpgasoftware.intel.com/eula.



+----------------------------------------------------------------------------------+
; Analysis & Synthesis Summary                                                     ;
+------------------------------------+---------------------------------------------+
; Analysis & Synthesis Status        ; Successful - Sun Jun 25 11:29:58 2023       ;
; Quartus Prime Version              ; 20.1.0 Build 711 06/05/2020 SJ Lite Edition ;
; Revision Name                      ; sensor                                      ;
; Top-level Entity Name              ; sem_rojo                                    ;
; Family                             ; Cyclone IV E                                ;
; Total logic elements               ; 329                                         ;
;     Total combinational functions  ; 306                                         ;
;     Dedicated logic registers      ; 177                                         ;
; Total registers                    ; 177                                         ;
; Total pins                         ; 20                                          ;
; Total virtual pins                 ; 0                                           ;
; Total memory bits                  ; 0                                           ;
; Embedded Multiplier 9-bit elements ; 0                                           ;
; Total PLLs                         ; 0                                           ;
+------------------------------------+---------------------------------------------+


+------------------------------------------------------------------------------------------------------------+
; Analysis & Synthesis Settings                                                                              ;
+------------------------------------------------------------------+--------------------+--------------------+
; Option                                                           ; Setting            ; Default Value      ;
+------------------------------------------------------------------+--------------------+--------------------+
; Device                                                           ; EP4CE10E22C8       ;                    ;
; Top-level entity name                                            ; sem_rojo           ; sensor             ;
; Family name                                                      ; Cyclone IV E       ; Cyclone V          ;
; Use smart compilation                                            ; Off                ; Off                ;
; Enable parallel Assembler and Timing Analyzer during compilation ; On                 ; On                 ;
; Enable compact report table                                      ; Off                ; Off                ;
; Restructure Multiplexers                                         ; Auto               ; Auto               ;
; Create Debugging Nodes for IP Cores                              ; Off                ; Off                ;
; Preserve fewer node names                                        ; On                 ; On                 ;
; Intel FPGA IP Evaluation Mode                                    ; Enable             ; Enable             ;
; Verilog Version                                                  ; Verilog_2001       ; Verilog_2001       ;
; VHDL Version                                                     ; VHDL_1993          ; VHDL_1993          ;
; State Machine Processing                                         ; Auto               ; Auto               ;
; Safe State Machine                                               ; Off                ; Off                ;
; Extract Verilog State Machines                                   ; On                 ; On                 ;
; Extract VHDL State Machines                                      ; On                 ; On                 ;
; Ignore Verilog initial constructs                                ; Off                ; Off                ;
; Iteration limit for constant Verilog loops                       ; 5000               ; 5000               ;
; Iteration limit for non-constant Verilog loops                   ; 250                ; 250                ;
; Add Pass-Through Logic to Inferred RAMs                          ; On                 ; On                 ;
; Infer RAMs from Raw Logic                                        ; On                 ; On                 ;
; Parallel Synthesis                                               ; On                 ; On                 ;
; DSP Block Balancing                                              ; Auto               ; Auto               ;
; NOT Gate Push-Back                                               ; On                 ; On                 ;
; Power-Up Don't Care                                              ; On                 ; On                 ;
; Remove Redundant Logic Cells                                     ; Off                ; Off                ;
; Remove Duplicate Registers                                       ; On                 ; On                 ;
; Ignore CARRY Buffers                                             ; Off                ; Off                ;
; Ignore CASCADE Buffers                                           ; Off                ; Off                ;
; Ignore GLOBAL Buffers                                            ; Off                ; Off                ;
; Ignore ROW GLOBAL Buffers                                        ; Off                ; Off                ;
; Ignore LCELL Buffers                                             ; Off                ; Off                ;
; Ignore SOFT Buffers                                              ; On                 ; On                 ;
; Limit AHDL Integers to 32 Bits                                   ; Off                ; Off                ;
; Optimization Technique                                           ; Balanced           ; Balanced           ;
; Carry Chain Length                                               ; 70                 ; 70                 ;
; Auto Carry Chains                                                ; On                 ; On                 ;
; Auto Open-Drain Pins                                             ; On                 ; On                 ;
; Perform WYSIWYG Primitive Resynthesis                            ; Off                ; Off                ;
; Auto ROM Replacement                                             ; On                 ; On                 ;
; Auto RAM Replacement                                             ; On                 ; On                 ;
; Auto DSP Block Replacement                                       ; On                 ; On                 ;
; Auto Shift Register Replacement                                  ; Auto               ; Auto               ;
; Allow Shift Register Merging across Hierarchies                  ; Auto               ; Auto               ;
; Auto Clock Enable Replacement                                    ; On                 ; On                 ;
; Strict RAM Replacement                                           ; Off                ; Off                ;
; Allow Synchronous Control Signals                                ; On                 ; On                 ;
; Force Use of Synchronous Clear Signals                           ; Off                ; Off                ;
; Auto RAM Block Balancing                                         ; On                 ; On                 ;
; Auto RAM to Logic Cell Conversion                                ; Off                ; Off                ;
; Auto Resource Sharing                                            ; Off                ; Off                ;
; Allow Any RAM Size For Recognition                               ; Off                ; Off                ;
; Allow Any ROM Size For Recognition                               ; Off                ; Off                ;
; Allow Any Shift Register Size For Recognition                    ; Off                ; Off                ;
; Use LogicLock Constraints during Resource Balancing              ; On                 ; On                 ;
; Ignore translate_off and synthesis_off directives                ; Off                ; Off                ;
; Timing-Driven Synthesis                                          ; On                 ; On                 ;
; Report Parameter Settings                                        ; On                 ; On                 ;
; Report Source Assignments                                        ; On                 ; On                 ;
; Report Connectivity Checks                                       ; On                 ; On                 ;
; Ignore Maximum Fan-Out Assignments                               ; Off                ; Off                ;
; Synchronization Register Chain Length                            ; 2                  ; 2                  ;
; Power Optimization During Synthesis                              ; Normal compilation ; Normal compilation ;
; HDL message level                                                ; Level2             ; Level2             ;
; Suppress Register Optimization Related Messages                  ; Off                ; Off                ;
; Number of Removed Registers Reported in Synthesis Report         ; 5000               ; 5000               ;
; Number of Swept Nodes Reported in Synthesis Report               ; 5000               ; 5000               ;
; Number of Inverted Registers Reported in Synthesis Report        ; 100                ; 100                ;
; Clock MUX Protection                                             ; On                 ; On                 ;
; Auto Gated Clock Conversion                                      ; Off                ; Off                ;
; Block Design Naming                                              ; Auto               ; Auto               ;
; SDC constraint protection                                        ; Off                ; Off                ;
; Synthesis Effort                                                 ; Auto               ; Auto               ;
; Shift Register Replacement - Allow Asynchronous Clear Signal     ; On                 ; On                 ;
; Pre-Mapping Resynthesis Optimization                             ; Off                ; Off                ;
; Analysis & Synthesis Message Level                               ; Medium             ; Medium             ;
; Disable Register Merging Across Hierarchies                      ; Auto               ; Auto               ;
; Resource Aware Inference For Block RAM                           ; On                 ; On                 ;
+------------------------------------------------------------------+--------------------+--------------------+


+------------------------------------------+
; Parallel Compilation                     ;
+----------------------------+-------------+
; Processors                 ; Number      ;
+----------------------------+-------------+
; Number detected on machine ; 8           ;
; Maximum allowed            ; 4           ;
;                            ;             ;
; Average used               ; 1.00        ;
; Maximum used               ; 4           ;
;                            ;             ;
; Usage by Processor         ; % Time Used ;
;     Processor 1            ; 100.0%      ;
;     Processors 2-4         ;   0.0%      ;
+----------------------------+-------------+


+--------------------------------------------------------------------------------------------------------------------------------------------------------+
; Analysis & Synthesis Source Files Read                                                                                                                 ;
+----------------------------------+-----------------+-----------------------+-----------------------------------------------------------------+---------+
; File Name with User-Entered Path ; Used in Netlist ; File Type             ; File Name with Absolute Path                                    ; Library ;
+----------------------------------+-----------------+-----------------------+-----------------------------------------------------------------+---------+
; HCRS04.vhd                       ; yes             ; User VHDL File        ; C:/intelFPGA_lite/20.1/projects/HCSR04/HCRS04.vhd               ;         ;
; TriggerGen.vhd                   ; yes             ; User VHDL File        ; C:/intelFPGA_lite/20.1/projects/HCSR04/TriggerGen.vhd           ;         ;
; counter.vhd                      ; yes             ; User VHDL File        ; C:/intelFPGA_lite/20.1/projects/HCSR04/counter.vhd              ;         ;
; distance_calculation.vhd         ; yes             ; User VHDL File        ; C:/intelFPGA_lite/20.1/projects/HCSR04/distance_calculation.vhd ;         ;
; div_frec.vhd                     ; yes             ; User VHDL File        ; C:/intelFPGA_lite/20.1/projects/HCSR04/div_frec.vhd             ;         ;
; sensor_quieto.vhd                ; yes             ; User VHDL File        ; C:/intelFPGA_lite/20.1/projects/HCSR04/sensor_quieto.vhd        ;         ;
; anti_rebote.vhd                  ; yes             ; User VHDL File        ; C:/intelFPGA_lite/20.1/projects/HCSR04/anti_rebote.vhd          ;         ;
; binario_a_bcd.vhd                ; yes             ; User VHDL File        ; C:/intelFPGA_lite/20.1/projects/HCSR04/binario_a_bcd.vhd        ;         ;
; ff_jk.vhd                        ; yes             ; User VHDL File        ; C:/intelFPGA_lite/20.1/projects/HCSR04/ff_jk.vhd                ;         ;
; sem_rojo.vhd                     ; yes             ; User VHDL File        ; C:/intelFPGA_lite/20.1/projects/HCSR04/sem_rojo.vhd             ;         ;
; sem_verde_45s.vhd                ; yes             ; User VHDL File        ; C:/intelFPGA_lite/20.1/projects/HCSR04/sem_verde_45s.vhd        ;         ;
; pulsador.vhd                     ; yes             ; User VHDL File        ; C:/intelFPGA_lite/20.1/projects/HCSR04/pulsador.vhd             ;         ;
; Incrementador.vhd                ; yes             ; User VHDL File        ; C:/intelFPGA_lite/20.1/projects/HCSR04/Incrementador.vhd        ;         ;
; bcd_to_7seg.vhd                  ; yes             ; Auto-Found VHDL File  ; C:/intelFPGA_lite/20.1/projects/HCSR04/bcd_to_7seg.vhd          ;         ;
+----------------------------------+-----------------+-----------------------+-----------------------------------------------------------------+---------+


+---------------------------------------------------------+
; Analysis & Synthesis Resource Usage Summary             ;
+---------------------------------------------+-----------+
; Resource                                    ; Usage     ;
+---------------------------------------------+-----------+
; Estimated Total logic elements              ; 329       ;
;                                             ;           ;
; Total combinational functions               ; 306       ;
; Logic element usage by number of LUT inputs ;           ;
;     -- 4 input functions                    ; 105       ;
;     -- 3 input functions                    ; 28        ;
;     -- <=2 input functions                  ; 173       ;
;                                             ;           ;
; Logic elements by mode                      ;           ;
;     -- normal mode                          ; 188       ;
;     -- arithmetic mode                      ; 118       ;
;                                             ;           ;
; Total registers                             ; 177       ;
;     -- Dedicated logic registers            ; 177       ;
;     -- I/O registers                        ; 0         ;
;                                             ;           ;
; I/O pins                                    ; 20        ;
;                                             ;           ;
; Embedded Multiplier 9-bit elements          ; 0         ;
;                                             ;           ;
; Maximum fan-out node                        ; clk~input ;
; Maximum fan-out                             ; 128       ;
; Total fan-out                               ; 1284      ;
; Average fan-out                             ; 2.46      ;
+---------------------------------------------+-----------+


+-----------------------------------------------------------------------------------------------------------------------------------------------------------------------------------------------------------------------------------------------------------------------------------------------------------------------------+
; Analysis & Synthesis Resource Utilization by Entity                                                                                                                                                                                                                                                                         ;
+-----------------------------------------------------------+---------------------+---------------------------+-------------+--------------+---------+-----------+------+--------------+------------------------------------------------------------------------------------------------+----------------------+--------------+
; Compilation Hierarchy Node                                ; Combinational ALUTs ; Dedicated Logic Registers ; Memory Bits ; DSP Elements ; DSP 9x9 ; DSP 18x18 ; Pins ; Virtual Pins ; Full Hierarchy Name                                                                            ; Entity Name          ; Library Name ;
+-----------------------------------------------------------+---------------------+---------------------------+-------------+--------------+---------+-----------+------+--------------+------------------------------------------------------------------------------------------------+----------------------+--------------+
; |sem_rojo                                                 ; 306 (30)            ; 177 (10)                  ; 0           ; 0            ; 0       ; 0         ; 20   ; 0            ; |sem_rojo                                                                                      ; sem_rojo             ; work         ;
;    |Incrementador:Incrementador_i|                        ; 4 (4)               ; 2 (2)                     ; 0           ; 0            ; 0       ; 0         ; 0    ; 0            ; |sem_rojo|Incrementador:Incrementador_i                                                        ; Incrementador        ; work         ;
;    |anti_rebote:anti_rebote_pulsador|                     ; 2 (2)               ; 4 (4)                     ; 0           ; 0            ; 0       ; 0         ; 0    ; 0            ; |sem_rojo|anti_rebote:anti_rebote_pulsador                                                     ; anti_rebote          ; work         ;
;    |bcd_to_7seg:seg7_1|                                   ; 7 (7)               ; 0 (0)                     ; 0           ; 0            ; 0       ; 0         ; 0    ; 0            ; |sem_rojo|bcd_to_7seg:seg7_1                                                                   ; bcd_to_7seg          ; work         ;
;    |binario_a_bcd:BCD|                                    ; 9 (9)               ; 0 (0)                     ; 0           ; 0            ; 0       ; 0         ; 0    ; 0            ; |sem_rojo|binario_a_bcd:BCD                                                                    ; binario_a_bcd        ; work         ;
;    |div_frec:clk_10kHz|                                   ; 44 (44)             ; 29 (29)                   ; 0           ; 0            ; 0       ; 0         ; 0    ; 0            ; |sem_rojo|div_frec:clk_10kHz                                                                   ; div_frec             ; work         ;
;    |div_frec:clk_1Hz|                                     ; 51 (51)             ; 29 (29)                   ; 0           ; 0            ; 0       ; 0         ; 0    ; 0            ; |sem_rojo|div_frec:clk_1Hz                                                                     ; div_frec             ; work         ;
;    |div_frec:clk_500Hz|                                   ; 45 (45)             ; 29 (29)                   ; 0           ; 0            ; 0       ; 0         ; 0    ; 0            ; |sem_rojo|div_frec:clk_500Hz                                                                   ; div_frec             ; work         ;
;    |ff_jk:JK0|                                            ; 2 (2)               ; 1 (1)                     ; 0           ; 0            ; 0       ; 0         ; 0    ; 0            ; |sem_rojo|ff_jk:JK0                                                                            ; ff_jk                ; work         ;
;    |ff_jk:JK1|                                            ; 4 (4)               ; 1 (1)                     ; 0           ; 0            ; 0       ; 0         ; 0    ; 0            ; |sem_rojo|ff_jk:JK1                                                                            ; ff_jk                ; work         ;
;    |ff_jk:JK2|                                            ; 2 (2)               ; 1 (1)                     ; 0           ; 0            ; 0       ; 0         ; 0    ; 0            ; |sem_rojo|ff_jk:JK2                                                                            ; ff_jk                ; work         ;
;    |ff_jk:JK3|                                            ; 5 (5)               ; 1 (1)                     ; 0           ; 0            ; 0       ; 0         ; 0    ; 0            ; |sem_rojo|ff_jk:JK3                                                                            ; ff_jk                ; work         ;
;    |ff_jk:JK4|                                            ; 4 (4)               ; 1 (1)                     ; 0           ; 0            ; 0       ; 0         ; 0    ; 0            ; |sem_rojo|ff_jk:JK4                                                                            ; ff_jk                ; work         ;
;    |ff_jk:JK5|                                            ; 5 (5)               ; 1 (1)                     ; 0           ; 0            ; 0       ; 0         ; 0    ; 0            ; |sem_rojo|ff_jk:JK5                                                                            ; ff_jk                ; work         ;
;    |pulsador:pulsador1|                                   ; 2 (2)               ; 1 (1)                     ; 0           ; 0            ; 0       ; 0         ; 0    ; 0            ; |sem_rojo|pulsador:pulsador1                                                                   ; pulsador             ; work         ;
;    |sem_verde_45s:senal_verde_45s|                        ; 3 (3)               ; 1 (1)                     ; 0           ; 0            ; 0       ; 0         ; 0    ; 0            ; |sem_rojo|sem_verde_45s:senal_verde_45s                                                        ; sem_verde_45s        ; work         ;
;    |sensor_quieto:HCRS04_sens|                            ; 87 (7)              ; 66 (6)                    ; 0           ; 0            ; 0       ; 0         ; 0    ; 0            ; |sem_rojo|sensor_quieto:HCRS04_sens                                                            ; sensor_quieto        ; work         ;
;       |HCRS04:Sens|                                       ; 79 (0)              ; 59 (19)                   ; 0           ; 0            ; 0       ; 0         ; 0    ; 0            ; |sem_rojo|sensor_quieto:HCRS04_sens|HCRS04:Sens                                                ; HCRS04               ; work         ;
;          |TriggerGen:Inst_TriggerGen|                     ; 53 (53)             ; 20 (20)                   ; 0           ; 0            ; 0       ; 0         ; 0    ; 0            ; |sem_rojo|sensor_quieto:HCRS04_sens|HCRS04:Sens|TriggerGen:Inst_TriggerGen                     ; TriggerGen           ; work         ;
;          |counter:Inst_counter|                           ; 20 (20)             ; 20 (20)                   ; 0           ; 0            ; 0       ; 0         ; 0    ; 0            ; |sem_rojo|sensor_quieto:HCRS04_sens|HCRS04:Sens|counter:Inst_counter                           ; counter              ; work         ;
;          |distance_calculation:Inst_distance_calculation| ; 6 (6)               ; 0 (0)                     ; 0           ; 0            ; 0       ; 0         ; 0    ; 0            ; |sem_rojo|sensor_quieto:HCRS04_sens|HCRS04:Sens|distance_calculation:Inst_distance_calculation ; distance_calculation ; work         ;
;       |div_frec:CLOCK_1kHz|                               ; 1 (1)               ; 1 (1)                     ; 0           ; 0            ; 0       ; 0         ; 0    ; 0            ; |sem_rojo|sensor_quieto:HCRS04_sens|div_frec:CLOCK_1kHz                                        ; div_frec             ; work         ;
+-----------------------------------------------------------+---------------------+---------------------------+-------------+--------------+---------+-----------+------+--------------+------------------------------------------------------------------------------------------------+----------------------+--------------+
Note: For table entries with two numbers listed, the numbers in parentheses indicate the number of resources of the given type used by the specific entity alone. The numbers listed outside of parentheses indicate the total resources of the given type used by the specific entity and all of its sub-entities in the hierarchy.


+---------------------------------------------------------------------------------------------------+
; User-Specified and Inferred Latches                                                               ;
+----------------------------------------------------+---------------------+------------------------+
; Latch Name                                         ; Latch Enable Signal ; Free of Timing Hazards ;
+----------------------------------------------------+---------------------+------------------------+
; gree                                               ; VCC                 ; yes                    ;
; pulsador:pulsador1|l                               ; greenn              ; yes                    ;
; yello                                              ; VCC                 ; yes                    ;
; Number of user-specified and inferred latches = 3  ;                     ;                        ;
+----------------------------------------------------+---------------------+------------------------+
Note: All latches listed above may not be present at the end of synthesis due to various synthesis optimizations.


+----------------------------------------------------------------------------------------------------+
; Registers Removed During Synthesis                                                                 ;
+----------------------------------------------------------+-----------------------------------------+
; Register name                                            ; Reason for Removal                      ;
+----------------------------------------------------------+-----------------------------------------+
; sensor_quieto:HCRS04_sens|div_frec:CLOCK_1kHz|cuenta[27] ; Merged with div_frec:clk_1Hz|cuenta[27] ;
; sensor_quieto:HCRS04_sens|div_frec:CLOCK_1kHz|cuenta[26] ; Merged with div_frec:clk_1Hz|cuenta[26] ;
; sensor_quieto:HCRS04_sens|div_frec:CLOCK_1kHz|cuenta[25] ; Merged with div_frec:clk_1Hz|cuenta[25] ;
; sensor_quieto:HCRS04_sens|div_frec:CLOCK_1kHz|cuenta[24] ; Merged with div_frec:clk_1Hz|cuenta[24] ;
; sensor_quieto:HCRS04_sens|div_frec:CLOCK_1kHz|cuenta[23] ; Merged with div_frec:clk_1Hz|cuenta[23] ;
; sensor_quieto:HCRS04_sens|div_frec:CLOCK_1kHz|cuenta[22] ; Merged with div_frec:clk_1Hz|cuenta[22] ;
; sensor_quieto:HCRS04_sens|div_frec:CLOCK_1kHz|cuenta[21] ; Merged with div_frec:clk_1Hz|cuenta[21] ;
; sensor_quieto:HCRS04_sens|div_frec:CLOCK_1kHz|cuenta[20] ; Merged with div_frec:clk_1Hz|cuenta[20] ;
; sensor_quieto:HCRS04_sens|div_frec:CLOCK_1kHz|cuenta[19] ; Merged with div_frec:clk_1Hz|cuenta[19] ;
; sensor_quieto:HCRS04_sens|div_frec:CLOCK_1kHz|cuenta[18] ; Merged with div_frec:clk_1Hz|cuenta[18] ;
; sensor_quieto:HCRS04_sens|div_frec:CLOCK_1kHz|cuenta[17] ; Merged with div_frec:clk_1Hz|cuenta[17] ;
; sensor_quieto:HCRS04_sens|div_frec:CLOCK_1kHz|cuenta[16] ; Merged with div_frec:clk_1Hz|cuenta[16] ;
; sensor_quieto:HCRS04_sens|div_frec:CLOCK_1kHz|cuenta[15] ; Merged with div_frec:clk_1Hz|cuenta[15] ;
; sensor_quieto:HCRS04_sens|div_frec:CLOCK_1kHz|cuenta[14] ; Merged with div_frec:clk_1Hz|cuenta[14] ;
; sensor_quieto:HCRS04_sens|div_frec:CLOCK_1kHz|cuenta[13] ; Merged with div_frec:clk_1Hz|cuenta[13] ;
; sensor_quieto:HCRS04_sens|div_frec:CLOCK_1kHz|cuenta[12] ; Merged with div_frec:clk_1Hz|cuenta[12] ;
; sensor_quieto:HCRS04_sens|div_frec:CLOCK_1kHz|cuenta[11] ; Merged with div_frec:clk_1Hz|cuenta[11] ;
; sensor_quieto:HCRS04_sens|div_frec:CLOCK_1kHz|cuenta[10] ; Merged with div_frec:clk_1Hz|cuenta[10] ;
; sensor_quieto:HCRS04_sens|div_frec:CLOCK_1kHz|cuenta[9]  ; Merged with div_frec:clk_1Hz|cuenta[9]  ;
; sensor_quieto:HCRS04_sens|div_frec:CLOCK_1kHz|cuenta[8]  ; Merged with div_frec:clk_1Hz|cuenta[8]  ;
; sensor_quieto:HCRS04_sens|div_frec:CLOCK_1kHz|cuenta[7]  ; Merged with div_frec:clk_1Hz|cuenta[7]  ;
; sensor_quieto:HCRS04_sens|div_frec:CLOCK_1kHz|cuenta[6]  ; Merged with div_frec:clk_1Hz|cuenta[6]  ;
; sensor_quieto:HCRS04_sens|div_frec:CLOCK_1kHz|cuenta[5]  ; Merged with div_frec:clk_1Hz|cuenta[5]  ;
; sensor_quieto:HCRS04_sens|div_frec:CLOCK_1kHz|cuenta[4]  ; Merged with div_frec:clk_1Hz|cuenta[4]  ;
; sensor_quieto:HCRS04_sens|div_frec:CLOCK_1kHz|cuenta[3]  ; Merged with div_frec:clk_1Hz|cuenta[3]  ;
; sensor_quieto:HCRS04_sens|div_frec:CLOCK_1kHz|cuenta[2]  ; Merged with div_frec:clk_1Hz|cuenta[2]  ;
; sensor_quieto:HCRS04_sens|div_frec:CLOCK_1kHz|cuenta[1]  ; Merged with div_frec:clk_1Hz|cuenta[1]  ;
; sensor_quieto:HCRS04_sens|div_frec:CLOCK_1kHz|cuenta[0]  ; Merged with div_frec:clk_1Hz|cuenta[0]  ;
; sensor_quieto:HCRS04_sens|HCRS04:Sens|echo_count[0]      ; Lost fanout                             ;
; sensor_quieto:HCRS04_sens|i[2]                           ; Stuck at GND due to stuck port data_in  ;
; sensor_quieto:HCRS04_sens|k[2]                           ; Stuck at GND due to stuck port data_in  ;
; Total Number of Removed Registers = 31                   ;                                         ;
+----------------------------------------------------------+-----------------------------------------+


+------------------------------------------------------+
; General Register Statistics                          ;
+----------------------------------------------+-------+
; Statistic                                    ; Value ;
+----------------------------------------------+-------+
; Total registers                              ; 177   ;
; Number of registers using Synchronous Clear  ; 0     ;
; Number of registers using Synchronous Load   ; 3     ;
; Number of registers using Asynchronous Clear ; 27    ;
; Number of registers using Asynchronous Load  ; 0     ;
; Number of registers using Clock Enable       ; 21    ;
; Number of registers using Preset             ; 0     ;
+----------------------------------------------+-------+


+-------------------------------------------------------------------------------------+
; Inverted Register Statistics                                                        ;
+---------------------------------------------------------------------------+---------+
; Inverted Register                                                         ; Fan out ;
+---------------------------------------------------------------------------+---------+
; sensor_quieto:HCRS04_sens|HCRS04:Sens|TriggerGen:Inst_TriggerGen|tick[17] ; 3       ;
; sensor_quieto:HCRS04_sens|HCRS04:Sens|TriggerGen:Inst_TriggerGen|tick[18] ; 22      ;
; sensor_quieto:HCRS04_sens|HCRS04:Sens|TriggerGen:Inst_TriggerGen|tick[19] ; 22      ;
; sensor_quieto:HCRS04_sens|HCRS04:Sens|TriggerGen:Inst_TriggerGen|tick[7]  ; 3       ;
; sensor_quieto:HCRS04_sens|HCRS04:Sens|TriggerGen:Inst_TriggerGen|tick[8]  ; 3       ;
; sensor_quieto:HCRS04_sens|HCRS04:Sens|TriggerGen:Inst_TriggerGen|tick[2]  ; 3       ;
; sensor_quieto:HCRS04_sens|HCRS04:Sens|TriggerGen:Inst_TriggerGen|tick[3]  ; 3       ;
; sensor_quieto:HCRS04_sens|HCRS04:Sens|TriggerGen:Inst_TriggerGen|tick[4]  ; 3       ;
; sensor_quieto:HCRS04_sens|HCRS04:Sens|TriggerGen:Inst_TriggerGen|tick[5]  ; 3       ;
; sensor_quieto:HCRS04_sens|HCRS04:Sens|TriggerGen:Inst_TriggerGen|tick[6]  ; 3       ;
; sensor_quieto:HCRS04_sens|HCRS04:Sens|TriggerGen:Inst_TriggerGen|tick[12] ; 3       ;
; sensor_quieto:HCRS04_sens|HCRS04:Sens|TriggerGen:Inst_TriggerGen|tick[9]  ; 3       ;
; sensor_quieto:HCRS04_sens|HCRS04:Sens|TriggerGen:Inst_TriggerGen|tick[10] ; 3       ;
; sensor_quieto:HCRS04_sens|HCRS04:Sens|TriggerGen:Inst_TriggerGen|tick[11] ; 3       ;
; sensor_quieto:HCRS04_sens|HCRS04:Sens|TriggerGen:Inst_TriggerGen|tick[13] ; 3       ;
; sensor_quieto:HCRS04_sens|HCRS04:Sens|TriggerGen:Inst_TriggerGen|tick[14] ; 3       ;
; sensor_quieto:HCRS04_sens|HCRS04:Sens|TriggerGen:Inst_TriggerGen|tick[15] ; 3       ;
; sensor_quieto:HCRS04_sens|HCRS04:Sens|TriggerGen:Inst_TriggerGen|tick[16] ; 3       ;
; sensor_quieto:HCRS04_sens|HCRS04:Sens|TriggerGen:Inst_TriggerGen|tick[1]  ; 2       ;
; sensor_quieto:HCRS04_sens|HCRS04:Sens|TriggerGen:Inst_TriggerGen|tick[0]  ; 2       ;
; Total number of inverted registers = 20                                   ;         ;
+---------------------------------------------------------------------------+---------+


+--------------------------------------------------------------------------------------------------------------------------------------------------------+
; Multiplexer Restructuring Statistics (Restructuring Performed)                                                                                         ;
+--------------------+-----------+---------------+----------------------+------------------------+------------+------------------------------------------+
; Multiplexer Inputs ; Bus Width ; Baseline Area ; Area if Restructured ; Saving if Restructured ; Registered ; Example Multiplexer Output               ;
+--------------------+-----------+---------------+----------------------+------------------------+------------+------------------------------------------+
; 3:1                ; 3 bits    ; 6 LEs         ; 3 LEs                ; 3 LEs                  ; Yes        ; |sem_rojo|sensor_quieto:HCRS04_sens|i[0] ;
; 3:1                ; 3 bits    ; 6 LEs         ; 3 LEs                ; 3 LEs                  ; Yes        ; |sem_rojo|sensor_quieto:HCRS04_sens|k[2] ;
; 9:1                ; 6 bits    ; 36 LEs        ; 36 LEs               ; 0 LEs                  ; Yes        ; |sem_rojo|S[5]                           ;
+--------------------+-----------+---------------+----------------------+------------------------+------------+------------------------------------------+


+---------------------------------------------------------------------------------------------------------------+
; Parameter Settings for User Entity Instance: sensor_quieto:HCRS04_sens|HCRS04:Sens|TriggerGen:Inst_TriggerGen ;
+----------------+-------+--------------------------------------------------------------------------------------+
; Parameter Name ; Value ; Type                                                                                 ;
+----------------+-------+--------------------------------------------------------------------------------------+
; n              ; 20    ; Signed Integer                                                                       ;
+----------------+-------+--------------------------------------------------------------------------------------+
Note: In order to hide this table in the UI and the text report file, please set the "Show Parameter Settings in Synthesis Report" option in "Analysis and Synthesis Settings -> More Settings" to "Off".


+---------------------------------------------------------------------------------------------------------+
; Parameter Settings for User Entity Instance: sensor_quieto:HCRS04_sens|HCRS04:Sens|counter:Inst_counter ;
+----------------+-------+--------------------------------------------------------------------------------+
; Parameter Name ; Value ; Type                                                                           ;
+----------------+-------+--------------------------------------------------------------------------------+
; N              ; 20    ; Signed Integer                                                                 ;
+----------------+-------+--------------------------------------------------------------------------------+
Note: In order to hide this table in the UI and the text report file, please set the "Show Parameter Settings in Synthesis Report" option in "Analysis and Synthesis Settings -> More Settings" to "Off".


+---------------------------------------------------------------------------+
; Port Connectivity Checks: "sensor_quieto:HCRS04_sens|div_frec:CLOCK_1kHz" ;
+-----------------+-------+----------+--------------------------------------+
; Port            ; Type  ; Severity ; Details                              ;
+-----------------+-------+----------+--------------------------------------+
; nciclos[22..18] ; Input ; Info     ; Stuck at VCC                         ;
; nciclos[14..11] ; Input ; Info     ; Stuck at VCC                         ;
; nciclos[31..25] ; Input ; Info     ; Stuck at GND                         ;
; nciclos[10..7]  ; Input ; Info     ; Stuck at GND                         ;
; nciclos[5..0]   ; Input ; Info     ; Stuck at GND                         ;
; nciclos[24]     ; Input ; Info     ; Stuck at VCC                         ;
; nciclos[23]     ; Input ; Info     ; Stuck at GND                         ;
; nciclos[17]     ; Input ; Info     ; Stuck at GND                         ;
; nciclos[16]     ; Input ; Info     ; Stuck at VCC                         ;
; nciclos[15]     ; Input ; Info     ; Stuck at GND                         ;
; nciclos[6]      ; Input ; Info     ; Stuck at VCC                         ;
+-----------------+-------+----------+--------------------------------------+


+----------------------------------------+
; Port Connectivity Checks: "ff_jk:JK0"  ;
+------+-------+----------+--------------+
; Port ; Type  ; Severity ; Details      ;
+------+-------+----------+--------------+
; j    ; Input ; Info     ; Stuck at VCC ;
; k    ; Input ; Info     ; Stuck at VCC ;
+------+-------+----------+--------------+


+---------------------------------------------------+
; Port Connectivity Checks: "div_frec:clk_10kHz"    ;
+-----------------+-------+----------+--------------+
; Port            ; Type  ; Severity ; Details      ;
+-----------------+-------+----------+--------------+
; nciclos[8..6]   ; Input ; Info     ; Stuck at VCC ;
; nciclos[31..12] ; Input ; Info     ; Stuck at GND ;
; nciclos[10..9]  ; Input ; Info     ; Stuck at GND ;
; nciclos[5..3]   ; Input ; Info     ; Stuck at GND ;
; nciclos[1..0]   ; Input ; Info     ; Stuck at GND ;
; nciclos[11]     ; Input ; Info     ; Stuck at VCC ;
; nciclos[2]      ; Input ; Info     ; Stuck at VCC ;
+-----------------+-------+----------+--------------+


+---------------------------------------------------+
; Port Connectivity Checks: "div_frec:clk_500Hz"    ;
+-----------------+-------+----------+--------------+
; Port            ; Type  ; Severity ; Details      ;
+-----------------+-------+----------+--------------+
; nciclos[15..14] ; Input ; Info     ; Stuck at VCC ;
; nciclos[9..8]   ; Input ; Info     ; Stuck at VCC ;
; nciclos[31..16] ; Input ; Info     ; Stuck at GND ;
; nciclos[13..10] ; Input ; Info     ; Stuck at GND ;
; nciclos[3..0]   ; Input ; Info     ; Stuck at GND ;
; nciclos[7]      ; Input ; Info     ; Stuck at GND ;
; nciclos[6]      ; Input ; Info     ; Stuck at VCC ;
; nciclos[5]      ; Input ; Info     ; Stuck at GND ;
; nciclos[4]      ; Input ; Info     ; Stuck at VCC ;
+-----------------+-------+----------+--------------+


+---------------------------------------------------+
; Port Connectivity Checks: "div_frec:clk_1Hz"      ;
+-----------------+-------+----------+--------------+
; Port            ; Type  ; Severity ; Details      ;
+-----------------+-------+----------+--------------+
; nciclos[22..18] ; Input ; Info     ; Stuck at VCC ;
; nciclos[14..11] ; Input ; Info     ; Stuck at VCC ;
; nciclos[31..25] ; Input ; Info     ; Stuck at GND ;
; nciclos[10..7]  ; Input ; Info     ; Stuck at GND ;
; nciclos[5..0]   ; Input ; Info     ; Stuck at GND ;
; nciclos[24]     ; Input ; Info     ; Stuck at VCC ;
; nciclos[23]     ; Input ; Info     ; Stuck at GND ;
; nciclos[17]     ; Input ; Info     ; Stuck at GND ;
; nciclos[16]     ; Input ; Info     ; Stuck at VCC ;
; nciclos[15]     ; Input ; Info     ; Stuck at GND ;
; nciclos[6]      ; Input ; Info     ; Stuck at VCC ;
+-----------------+-------+----------+--------------+


+-----------------------------------------------------+
; Post-Synthesis Netlist Statistics for Top Partition ;
+-----------------------+-----------------------------+
; Type                  ; Count                       ;
+-----------------------+-----------------------------+
; boundary_port         ; 20                          ;
; cycloneiii_ff         ; 177                         ;
;     CLR               ; 8                           ;
;     ENA               ; 2                           ;
;     ENA CLR           ; 19                          ;
;     SLD               ; 3                           ;
;     plain             ; 145                         ;
; cycloneiii_lcell_comb ; 317                         ;
;     arith             ; 118                         ;
;         2 data inputs ; 117                         ;
;         3 data inputs ; 1                           ;
;     normal            ; 199                         ;
;         1 data inputs ; 22                          ;
;         2 data inputs ; 45                          ;
;         3 data inputs ; 27                          ;
;         4 data inputs ; 105                         ;
;                       ;                             ;
; Max LUT depth         ; 8.00                        ;
; Average LUT depth     ; 3.67                        ;
+-----------------------+-----------------------------+


+-------------------------------+
; Elapsed Time Per Partition    ;
+----------------+--------------+
; Partition Name ; Elapsed Time ;
+----------------+--------------+
; Top            ; 00:00:00     ;
+----------------+--------------+


+-------------------------------+
; Analysis & Synthesis Messages ;
+-------------------------------+
Info: *******************************************************************
Info: Running Quartus Prime Analysis & Synthesis
    Info: Version 20.1.0 Build 711 06/05/2020 SJ Lite Edition
    Info: Processing started: Sun Jun 25 11:29:48 2023
Info: Command: quartus_map --read_settings_files=on --write_settings_files=off HCRS04 -c sensor
Warning (18236): Number of processors has not been specified which may cause overloading on shared machines.  Set the global assignment NUM_PARALLEL_PROCESSORS in your QSF to an appropriate value for best performance.
Info (20030): Parallel compilation is enabled and will use 4 of the 4 processors detected
Info (12021): Found 2 design units, including 1 entities, in source file hcrs04.vhd
    Info (12022): Found design unit 1: HCRS04-Behavioral File: C:/intelFPGA_lite/20.1/projects/HCSR04/HCRS04.vhd Line: 12
    Info (12023): Found entity 1: HCRS04 File: C:/intelFPGA_lite/20.1/projects/HCSR04/HCRS04.vhd Line: 5
Info (12021): Found 2 design units, including 1 entities, in source file triggergen.vhd
    Info (12022): Found design unit 1: TriggerGen-Behavioral File: C:/intelFPGA_lite/20.1/projects/HCSR04/TriggerGen.vhd Line: 11
    Info (12023): Found entity 1: TriggerGen File: C:/intelFPGA_lite/20.1/projects/HCSR04/TriggerGen.vhd Line: 5
Info (12021): Found 2 design units, including 1 entities, in source file counter.vhd
    Info (12022): Found design unit 1: counter-Behavioral File: C:/intelFPGA_lite/20.1/projects/HCSR04/counter.vhd Line: 13
    Info (12023): Found entity 1: counter File: C:/intelFPGA_lite/20.1/projects/HCSR04/counter.vhd Line: 5
Info (12021): Found 2 design units, including 1 entities, in source file distance_calculation.vhd
    Info (12022): Found design unit 1: distance_calculation-Behavioral File: C:/intelFPGA_lite/20.1/projects/HCSR04/distance_calculation.vhd Line: 13
    Info (12023): Found entity 1: distance_calculation File: C:/intelFPGA_lite/20.1/projects/HCSR04/distance_calculation.vhd Line: 6
Info (12021): Found 2 design units, including 1 entities, in source file sensorpresencia.vhd
    Info (12022): Found design unit 1: SensorPresencia-Behavioral File: C:/intelFPGA_lite/20.1/projects/HCSR04/SensorPresencia.vhd Line: 17
    Info (12023): Found entity 1: SensorPresencia File: C:/intelFPGA_lite/20.1/projects/HCSR04/SensorPresencia.vhd Line: 8
Info (12021): Found 2 design units, including 1 entities, in source file div_frec.vhd
    Info (12022): Found design unit 1: div_frec-divisor File: C:/intelFPGA_lite/20.1/projects/HCSR04/div_frec.vhd Line: 24
    Info (12023): Found entity 1: div_frec File: C:/intelFPGA_lite/20.1/projects/HCSR04/div_frec.vhd Line: 8
Info (12021): Found 2 design units, including 1 entities, in source file sensor_quieto.vhd
    Info (12022): Found design unit 1: sensor_quieto-pruebad File: C:/intelFPGA_lite/20.1/projects/HCSR04/sensor_quieto.vhd Line: 17
    Info (12023): Found entity 1: sensor_quieto File: C:/intelFPGA_lite/20.1/projects/HCSR04/sensor_quieto.vhd Line: 4
Info (12021): Found 2 design units, including 1 entities, in source file anti_rebote.vhd
    Info (12022): Found design unit 1: anti_rebote-registro File: C:/intelFPGA_lite/20.1/projects/HCSR04/anti_rebote.vhd Line: 15
    Info (12023): Found entity 1: anti_rebote File: C:/intelFPGA_lite/20.1/projects/HCSR04/anti_rebote.vhd Line: 7
Warning (12019): Can't analyze file -- file output_files/bcd_to_7seg.vhd is missing
Info (12021): Found 2 design units, including 1 entities, in source file binario_a_bcd.vhd
    Info (12022): Found design unit 1: binario_a_bcd-Behavioral File: C:/intelFPGA_lite/20.1/projects/HCSR04/binario_a_bcd.vhd Line: 22
    Info (12023): Found entity 1: binario_a_bcd File: C:/intelFPGA_lite/20.1/projects/HCSR04/binario_a_bcd.vhd Line: 6
Info (12021): Found 2 design units, including 1 entities, in source file ff_jk.vhd
    Info (12022): Found design unit 1: ff_jk-Behavioral File: C:/intelFPGA_lite/20.1/projects/HCSR04/ff_jk.vhd Line: 17
    Info (12023): Found entity 1: ff_jk File: C:/intelFPGA_lite/20.1/projects/HCSR04/ff_jk.vhd Line: 4
Info (12021): Found 2 design units, including 1 entities, in source file sem_rojo.vhd
    Info (12022): Found design unit 1: sem_rojo-cuenta File: C:/intelFPGA_lite/20.1/projects/HCSR04/sem_rojo.vhd Line: 34
    Info (12023): Found entity 1: sem_rojo File: C:/intelFPGA_lite/20.1/projects/HCSR04/sem_rojo.vhd Line: 7
Warning (12019): Can't analyze file -- file sem_verde_30s.vhd is missing
Info (12021): Found 2 design units, including 1 entities, in source file sem_verde_45s.vhd
    Info (12022): Found design unit 1: sem_verde_45s-condiciones File: C:/intelFPGA_lite/20.1/projects/HCSR04/sem_verde_45s.vhd Line: 31
    Info (12023): Found entity 1: sem_verde_45s File: C:/intelFPGA_lite/20.1/projects/HCSR04/sem_verde_45s.vhd Line: 7
Warning (12019): Can't analyze file -- file semaforo.vhd is missing
Info (12021): Found 2 design units, including 1 entities, in source file pulsador.vhd
    Info (12022): Found design unit 1: pulsador-pulpo File: C:/intelFPGA_lite/20.1/projects/HCSR04/pulsador.vhd Line: 19
    Info (12023): Found entity 1: pulsador File: C:/intelFPGA_lite/20.1/projects/HCSR04/pulsador.vhd Line: 6
Info (12021): Found 2 design units, including 1 entities, in source file incrementador.vhd
    Info (12022): Found design unit 1: Incrementador-count File: C:/intelFPGA_lite/20.1/projects/HCSR04/Incrementador.vhd Line: 16
    Info (12023): Found entity 1: Incrementador File: C:/intelFPGA_lite/20.1/projects/HCSR04/Incrementador.vhd Line: 6
Warning (12019): Can't analyze file -- file output_files/sem_verde_45s.vhd is missing
Info (12021): Found 2 design units, including 1 entities, in source file notraffic.vhd
    Info (12022): Found design unit 1: notraffic-prueba File: C:/intelFPGA_lite/20.1/projects/HCSR04/notraffic.vhd Line: 16
    Info (12023): Found entity 1: notraffic File: C:/intelFPGA_lite/20.1/projects/HCSR04/notraffic.vhd Line: 4
Info (12127): Elaborating entity "sem_rojo" for the top level hierarchy
Warning (10492): VHDL Process Statement warning at sem_rojo.vhd(254): signal "Q" is read inside the Process Statement but isn't in the Process Statement's sensitivity list File: C:/intelFPGA_lite/20.1/projects/HCSR04/sem_rojo.vhd Line: 254
Warning (10492): VHDL Process Statement warning at sem_rojo.vhd(274): signal "Q" is read inside the Process Statement but isn't in the Process Statement's sensitivity list File: C:/intelFPGA_lite/20.1/projects/HCSR04/sem_rojo.vhd Line: 274
Warning (10492): VHDL Process Statement warning at sem_rojo.vhd(298): signal "Q" is read inside the Process Statement but isn't in the Process Statement's sensitivity list File: C:/intelFPGA_lite/20.1/projects/HCSR04/sem_rojo.vhd Line: 298
Warning (10631): VHDL Process Statement warning at sem_rojo.vhd(240): inferring latch(es) for signal or variable "yello", which holds its previous value in one or more paths through the process File: C:/intelFPGA_lite/20.1/projects/HCSR04/sem_rojo.vhd Line: 240
Warning (10631): VHDL Process Statement warning at sem_rojo.vhd(240): inferring latch(es) for signal or variable "gree", which holds its previous value in one or more paths through the process File: C:/intelFPGA_lite/20.1/projects/HCSR04/sem_rojo.vhd Line: 240
Warning (10631): VHDL Process Statement warning at sem_rojo.vhd(240): inferring latch(es) for signal or variable "redd", which holds its previous value in one or more paths through the process File: C:/intelFPGA_lite/20.1/projects/HCSR04/sem_rojo.vhd Line: 240
Warning (10631): VHDL Process Statement warning at sem_rojo.vhd(240): inferring latch(es) for signal or variable "yelloww", which holds its previous value in one or more paths through the process File: C:/intelFPGA_lite/20.1/projects/HCSR04/sem_rojo.vhd Line: 240
Warning (10631): VHDL Process Statement warning at sem_rojo.vhd(240): inferring latch(es) for signal or variable "greenn", which holds its previous value in one or more paths through the process File: C:/intelFPGA_lite/20.1/projects/HCSR04/sem_rojo.vhd Line: 240
Warning (10631): VHDL Process Statement warning at sem_rojo.vhd(240): inferring latch(es) for signal or variable "re", which holds its previous value in one or more paths through the process File: C:/intelFPGA_lite/20.1/projects/HCSR04/sem_rojo.vhd Line: 240
Warning (10492): VHDL Process Statement warning at sem_rojo.vhd(427): signal "S" is read inside the Process Statement but isn't in the Process Statement's sensitivity list File: C:/intelFPGA_lite/20.1/projects/HCSR04/sem_rojo.vhd Line: 427
Info (10041): Inferred latch for "re" at sem_rojo.vhd(240) File: C:/intelFPGA_lite/20.1/projects/HCSR04/sem_rojo.vhd Line: 240
Info (10041): Inferred latch for "greenn" at sem_rojo.vhd(240) File: C:/intelFPGA_lite/20.1/projects/HCSR04/sem_rojo.vhd Line: 240
Info (10041): Inferred latch for "yelloww" at sem_rojo.vhd(240) File: C:/intelFPGA_lite/20.1/projects/HCSR04/sem_rojo.vhd Line: 240
Info (10041): Inferred latch for "redd" at sem_rojo.vhd(240) File: C:/intelFPGA_lite/20.1/projects/HCSR04/sem_rojo.vhd Line: 240
Info (10041): Inferred latch for "gree" at sem_rojo.vhd(240) File: C:/intelFPGA_lite/20.1/projects/HCSR04/sem_rojo.vhd Line: 240
Info (10041): Inferred latch for "yello" at sem_rojo.vhd(240) File: C:/intelFPGA_lite/20.1/projects/HCSR04/sem_rojo.vhd Line: 240
Info (12128): Elaborating entity "div_frec" for hierarchy "div_frec:clk_1Hz" File: C:/intelFPGA_lite/20.1/projects/HCSR04/sem_rojo.vhd Line: 197
Info (12128): Elaborating entity "anti_rebote" for hierarchy "anti_rebote:anti_rebote_pulsador" File: C:/intelFPGA_lite/20.1/projects/HCSR04/sem_rojo.vhd Line: 201
Info (12128): Elaborating entity "pulsador" for hierarchy "pulsador:pulsador1" File: C:/intelFPGA_lite/20.1/projects/HCSR04/sem_rojo.vhd Line: 203
Warning (10492): VHDL Process Statement warning at pulsador.vhd(40): signal "q" is read inside the Process Statement but isn't in the Process Statement's sensitivity list File: C:/intelFPGA_lite/20.1/projects/HCSR04/pulsador.vhd Line: 40
Warning (10631): VHDL Process Statement warning at pulsador.vhd(26): inferring latch(es) for signal or variable "l", which holds its previous value in one or more paths through the process File: C:/intelFPGA_lite/20.1/projects/HCSR04/pulsador.vhd Line: 26
Info (10041): Inferred latch for "l" at pulsador.vhd(26) File: C:/intelFPGA_lite/20.1/projects/HCSR04/pulsador.vhd Line: 26
Info (12128): Elaborating entity "ff_jk" for hierarchy "ff_jk:JK0" File: C:/intelFPGA_lite/20.1/projects/HCSR04/sem_rojo.vhd Line: 209
Warning (10492): VHDL Process Statement warning at ff_jk.vhd(34): signal "rst" is read inside the Process Statement but isn't in the Process Statement's sensitivity list File: C:/intelFPGA_lite/20.1/projects/HCSR04/ff_jk.vhd Line: 34
Warning (10492): VHDL Process Statement warning at ff_jk.vhd(40): signal "preset" is read inside the Process Statement but isn't in the Process Statement's sensitivity list File: C:/intelFPGA_lite/20.1/projects/HCSR04/ff_jk.vhd Line: 40
Info (12128): Elaborating entity "Incrementador" for hierarchy "Incrementador:Incrementador_i" File: C:/intelFPGA_lite/20.1/projects/HCSR04/sem_rojo.vhd Line: 226
Info (12128): Elaborating entity "sensor_quieto" for hierarchy "sensor_quieto:HCRS04_sens" File: C:/intelFPGA_lite/20.1/projects/HCSR04/sem_rojo.vhd Line: 228
Info (12128): Elaborating entity "HCRS04" for hierarchy "sensor_quieto:HCRS04_sens|HCRS04:Sens" File: C:/intelFPGA_lite/20.1/projects/HCSR04/sensor_quieto.vhd Line: 72
Info (12128): Elaborating entity "TriggerGen" for hierarchy "sensor_quieto:HCRS04_sens|HCRS04:Sens|TriggerGen:Inst_TriggerGen" File: C:/intelFPGA_lite/20.1/projects/HCSR04/HCRS04.vhd Line: 46
Info (12128): Elaborating entity "counter" for hierarchy "sensor_quieto:HCRS04_sens|HCRS04:Sens|counter:Inst_counter" File: C:/intelFPGA_lite/20.1/projects/HCSR04/HCRS04.vhd Line: 51
Info (12128): Elaborating entity "distance_calculation" for hierarchy "sensor_quieto:HCRS04_sens|HCRS04:Sens|distance_calculation:Inst_distance_calculation" File: C:/intelFPGA_lite/20.1/projects/HCSR04/HCRS04.vhd Line: 65
Info (12128): Elaborating entity "sem_verde_45s" for hierarchy "sem_verde_45s:senal_verde_45s" File: C:/intelFPGA_lite/20.1/projects/HCSR04/sem_rojo.vhd Line: 234
Info (12128): Elaborating entity "binario_a_bcd" for hierarchy "binario_a_bcd:BCD" File: C:/intelFPGA_lite/20.1/projects/HCSR04/sem_rojo.vhd Line: 361
Warning (12125): Using design file bcd_to_7seg.vhd, which is not specified as a design file for the current project, but contains definitions for 2 design units and 1 entities in project
    Info (12022): Found design unit 1: bcd_to_7seg-behavior File: C:/intelFPGA_lite/20.1/projects/HCSR04/bcd_to_7seg.vhd Line: 11
    Info (12023): Found entity 1: bcd_to_7seg File: C:/intelFPGA_lite/20.1/projects/HCSR04/bcd_to_7seg.vhd Line: 4
Info (12128): Elaborating entity "bcd_to_7seg" for hierarchy "bcd_to_7seg:seg7_1" File: C:/intelFPGA_lite/20.1/projects/HCSR04/sem_rojo.vhd Line: 367
Warning (14026): LATCH primitive "re" is permanently enabled File: C:/intelFPGA_lite/20.1/projects/HCSR04/sem_rojo.vhd Line: 38
Warning (13004): Presettable and clearable registers converted to equivalent circuits with latches. Registers power-up to an undefined state, and DEVCLRn places the registers in an undefined state.
    Warning (13310): Register "ff_jk:JK3|Q_int" is converted into an equivalent circuit using register "ff_jk:JK3|Q_int~_emulated" and latch "ff_jk:JK3|Q_int~1" File: C:/intelFPGA_lite/20.1/projects/HCSR04/ff_jk.vhd Line: 34
    Warning (13310): Register "ff_jk:JK4|Q_int" is converted into an equivalent circuit using register "ff_jk:JK4|Q_int~_emulated" and latch "ff_jk:JK4|Q_int~1" File: C:/intelFPGA_lite/20.1/projects/HCSR04/ff_jk.vhd Line: 34
    Warning (13310): Register "ff_jk:JK5|Q_int" is converted into an equivalent circuit using register "ff_jk:JK5|Q_int~_emulated" and latch "ff_jk:JK5|Q_int~1" File: C:/intelFPGA_lite/20.1/projects/HCSR04/ff_jk.vhd Line: 34
    Warning (13310): Register "ff_jk:JK2|Q_int" is converted into an equivalent circuit using register "ff_jk:JK2|Q_int~_emulated" and latch "ff_jk:JK3|Q_int~1" File: C:/intelFPGA_lite/20.1/projects/HCSR04/ff_jk.vhd Line: 34
    Warning (13310): Register "ff_jk:JK1|Q_int" is converted into an equivalent circuit using register "ff_jk:JK1|Q_int~_emulated" and latch "ff_jk:JK1|Q_int~1" File: C:/intelFPGA_lite/20.1/projects/HCSR04/ff_jk.vhd Line: 34
    Warning (13310): Register "ff_jk:JK0|Q_int" is converted into an equivalent circuit using register "ff_jk:JK0|Q_int~_emulated" and latch "ff_jk:JK5|Q_int~1" File: C:/intelFPGA_lite/20.1/projects/HCSR04/ff_jk.vhd Line: 34
Info (286030): Timing-Driven Synthesis is running
Info (17049): 1 registers lost all their fanouts during netlist optimizations.
Info (16010): Generating hard_block partition "hard_block:auto_generated_inst"
    Info (16011): Adding 0 node(s), including 0 DDIO, 0 PLL, 0 transceiver and 0 LCELL
Info (21057): Implemented 349 device resources after synthesis - the final resource count might be different
    Info (21058): Implemented 3 input pins
    Info (21059): Implemented 17 output pins
    Info (21061): Implemented 329 logic cells
Info: Quartus Prime Analysis & Synthesis was successful. 0 errors, 28 warnings
    Info: Peak virtual memory: 4785 megabytes
    Info: Processing ended: Sun Jun 25 11:29:58 2023
    Info: Elapsed time: 00:00:10
    Info: Total CPU time (on all processors): 00:00:22


